2025-12-19 11:14:24.845 +05:30 [INF] Executed DbCommand (82ms) [Parameters=[], CommandType='"Text"', CommandTimeout='30']
SELECT 1
2025-12-19 11:14:25.132 +05:30 [INF] Executed DbCommand (28ms) [Parameters=[], CommandType='"Text"', CommandTimeout='30']
SELECT OBJECT_ID(N'[__EFMigrationsHistory]');
2025-12-19 11:14:25.136 +05:30 [INF] Executed DbCommand (2ms) [Parameters=[], CommandType='"Text"', CommandTimeout='30']
SELECT 1
2025-12-19 11:14:25.139 +05:30 [INF] Executed DbCommand (2ms) [Parameters=[], CommandType='"Text"', CommandTimeout='30']
SELECT OBJECT_ID(N'[__EFMigrationsHistory]');
2025-12-19 11:14:25.169 +05:30 [INF] Executed DbCommand (4ms) [Parameters=[], CommandType='"Text"', CommandTimeout='30']
SELECT [MigrationId], [ProductVersion]
FROM [__EFMigrationsHistory]
ORDER BY [MigrationId];
2025-12-19 11:14:25.205 +05:30 [INF] No migrations were applied. The database is already up to date.
2025-12-19 12:05:15.502 +05:30 [INF] Executed DbCommand (19ms) [Parameters=[], CommandType='"Text"', CommandTimeout='30']
SELECT 1
2025-12-19 12:05:15.597 +05:30 [INF] Executed DbCommand (18ms) [Parameters=[], CommandType='"Text"', CommandTimeout='30']
SELECT OBJECT_ID(N'[__EFMigrationsHistory]');
2025-12-19 12:05:15.599 +05:30 [INF] Executed DbCommand (1ms) [Parameters=[], CommandType='"Text"', CommandTimeout='30']
SELECT 1
2025-12-19 12:05:15.601 +05:30 [INF] Executed DbCommand (1ms) [Parameters=[], CommandType='"Text"', CommandTimeout='30']
SELECT OBJECT_ID(N'[__EFMigrationsHistory]');
2025-12-19 12:05:15.628 +05:30 [INF] Executed DbCommand (3ms) [Parameters=[], CommandType='"Text"', CommandTimeout='30']
SELECT [MigrationId], [ProductVersion]
FROM [__EFMigrationsHistory]
ORDER BY [MigrationId];
2025-12-19 12:05:15.647 +05:30 [INF] No migrations were applied. The database is already up to date.
2025-12-19 12:07:00.058 +05:30 [INF] Executed DbCommand (35ms) [Parameters=[], CommandType='"Text"', CommandTimeout='30']
SELECT 1
2025-12-19 12:07:00.197 +05:30 [INF] Executed DbCommand (30ms) [Parameters=[], CommandType='"Text"', CommandTimeout='30']
SELECT OBJECT_ID(N'[__EFMigrationsHistory]');
2025-12-19 12:07:00.201 +05:30 [INF] Executed DbCommand (3ms) [Parameters=[], CommandType='"Text"', CommandTimeout='30']
SELECT 1
2025-12-19 12:07:00.378 +05:30 [INF] Executed DbCommand (28ms) [Parameters=[], CommandType='"Text"', CommandTimeout='30']
CREATE TABLE [__EFMigrationsHistory] (
    [MigrationId] nvarchar(150) NOT NULL,
    [ProductVersion] nvarchar(32) NOT NULL,
    CONSTRAINT [PK___EFMigrationsHistory] PRIMARY KEY ([MigrationId])
);
2025-12-19 12:07:00.383 +05:30 [INF] Executed DbCommand (3ms) [Parameters=[], CommandType='"Text"', CommandTimeout='30']
SELECT 1
2025-12-19 12:07:00.387 +05:30 [INF] Executed DbCommand (4ms) [Parameters=[], CommandType='"Text"', CommandTimeout='30']
SELECT OBJECT_ID(N'[__EFMigrationsHistory]');
2025-12-19 12:07:00.398 +05:30 [INF] Executed DbCommand (6ms) [Parameters=[], CommandType='"Text"', CommandTimeout='30']
SELECT [MigrationId], [ProductVersion]
FROM [__EFMigrationsHistory]
ORDER BY [MigrationId];
2025-12-19 12:07:00.438 +05:30 [INF] Applying migration '20251217054248_InitialCreate'.
2025-12-19 12:07:00.800 +05:30 [INF] Executed DbCommand (11ms) [Parameters=[], CommandType='"Text"', CommandTimeout='30']
CREATE TABLE [EmployeeSummaries] (
    [SummaryId] uniqueidentifier NOT NULL,
    [EmployeeId] uniqueidentifier NOT NULL,
    [Name] nvarchar(200) NOT NULL,
    [Role] nvarchar(100) NOT NULL,
    CONSTRAINT [PK_EmployeeSummaries] PRIMARY KEY ([SummaryId])
);
2025-12-19 12:07:00.816 +05:30 [INF] Executed DbCommand (15ms) [Parameters=[], CommandType='"Text"', CommandTimeout='30']
CREATE TABLE [EmployeeSummarySkills] (
    [SummarySkillId] uniqueidentifier NOT NULL,
    [SummaryId] uniqueidentifier NOT NULL,
    [SkillName] nvarchar(100) NOT NULL,
    [Rating] int NOT NULL,
    CONSTRAINT [PK_EmployeeSummarySkills] PRIMARY KEY ([SummarySkillId]),
    CONSTRAINT [FK_EmployeeSummarySkills_EmployeeSummaries_SummaryId] FOREIGN KEY ([SummaryId]) REFERENCES [EmployeeSummaries] ([SummaryId]) ON DELETE CASCADE
);
2025-12-19 12:07:00.823 +05:30 [INF] Executed DbCommand (6ms) [Parameters=[], CommandType='"Text"', CommandTimeout='30']
CREATE UNIQUE INDEX [IX_EmployeeSummaries_EmployeeId] ON [EmployeeSummaries] ([EmployeeId]);
2025-12-19 12:07:00.831 +05:30 [INF] Executed DbCommand (8ms) [Parameters=[], CommandType='"Text"', CommandTimeout='30']
CREATE UNIQUE INDEX [IX_EmployeeSummarySkills_SummaryId_SkillName] ON [EmployeeSummarySkills] ([SummaryId], [SkillName]);
2025-12-19 12:07:00.837 +05:30 [INF] Executed DbCommand (5ms) [Parameters=[], CommandType='"Text"', CommandTimeout='30']
INSERT INTO [__EFMigrationsHistory] ([MigrationId], [ProductVersion])
VALUES (N'20251217054248_InitialCreate', N'8.0.7');
